  Main.cpp
D:\VS Projects\MiniWar\include\linmath.h(610,51): warning C4244: “初始化”: 从“double”转换到“float”，可能丢失数据
  (编译源文件“../cpp/Main.cpp”)
  
D:\VS Projects\MiniWar\include\linmath.h(610,20): warning C4244: “初始化”: 从“double”转换到“const float”，可能丢失数据
  (编译源文件“../cpp/Main.cpp”)
  
D:\VS Projects\MiniWar\header\mash.h(81,80): warning C4312: “类型强制转换”: 从“unsigned int”转换到更大的“void *”
  (编译源文件“../cpp/Main.cpp”)
  
D:\VS Projects\MiniWar\header\mash.h(87,79): warning C4312: “类型强制转换”: 从“unsigned int”转换到更大的“void *”
  (编译源文件“../cpp/Main.cpp”)
  
D:\VS Projects\MiniWar\header\mash.h(93,83): warning C4312: “类型强制转换”: 从“unsigned int”转换到更大的“void *”
  (编译源文件“../cpp/Main.cpp”)
  
D:\VS Projects\MiniWar\header\Camera.h(104,28): warning C4244: “=”: 从“double”转换到“float”，可能丢失数据
  (编译源文件“../cpp/Main.cpp”)
  
D:\VS Projects\MiniWar\cpp\Main.cpp(79,77): warning C4244: “参数”: 从“int”转换到“GLfloat”，可能丢失数据
D:\VS Projects\MiniWar\cpp\Main.cpp(80,78): warning C4244: “参数”: 从“int”转换到“GLfloat”，可能丢失数据
D:\VS Projects\MiniWar\cpp\Main.cpp(89,49): warning C4267: “参数”: 从“size_t”转换到“GLsizei”，可能丢失数据
D:\VS Projects\MiniWar\cpp\Main.cpp(127,47): warning C4267: “参数”: 从“size_t”转换到“GLsizei”，可能丢失数据
D:\VS Projects\MiniWar\cpp\Main.cpp(199,50): warning C4267: “参数”: 从“size_t”转换到“GLuint”，可能丢失数据
D:\VS Projects\MiniWar\cpp\Main.cpp(286,15): warning C4244: “=”: 从“double”转换到“float”，可能丢失数据
D:\VS Projects\MiniWar\cpp\Main.cpp(286,34): warning C4244: “=”: 从“double”转换到“float”，可能丢失数据
D:\VS Projects\MiniWar\cpp\Main.cpp(157,1): warning C4715: “compileShaders”: 不是所有的控件路径都返回值
  MiniWar.vcxproj -> D:\VS Projects\MiniWar\x64\Debug\MiniWar.exe
